<?xml version="1.0" encoding="UTF-8"?>
<testng-results ignored="0" total="1" passed="1" failed="0" skipped="0">
  <reporter-output>
  </reporter-output>
  <suite started-at="2025-02-20T16:23:07 IST" name="Suite" finished-at="2025-02-20T16:23:07 IST" duration-ms="29">
    <groups>
    </groups>
    <test started-at="2025-02-20T16:23:07 IST" name="Test" finished-at="2025-02-20T16:23:07 IST" duration-ms="29">
      <class name="com.example.My_Test">
        <test-method signature="testMethod()[pri:0, instance:com.example.My_Test@158da8e]" started-at="2025-02-20T16:23:07 IST" name="testMethod" finished-at="2025-02-20T16:23:07 IST" duration-ms="3" status="PASS">
          <reporter-output>
          </reporter-output>
        </test-method> <!-- testMethod -->
      </class> <!-- com.example.My_Test -->
    </test> <!-- Test -->
  </suite> <!-- Suite -->
</testng-results>
